RUN	simulation.CreatePostGuestSimulation	createpostguestsimulation	1620137189517	 	3.5.1
USER	Create post guest Scenario	START	1620137190644
USER	Create post guest Scenario	START	1620137190645
USER	Create post guest Scenario	START	1620137190644
USER	Create post guest Scenario	START	1620137190644
USER	Create post guest Scenario	START	1620137190644
USER	Create post guest Scenario	START	1620137190644
USER	Create post guest Scenario	START	1620137190644
USER	Create post guest Scenario	START	1620137190644
USER	Create post guest Scenario	START	1620137190643
USER	Create post guest Scenario	START	1620137190791
USER	Create post guest Scenario	START	1620137190644
USER	Create post guest Scenario	START	1620137190792
USER	Create post guest Scenario	START	1620137190792
USER	Create post guest Scenario	START	1620137190792
USER	Create post guest Scenario	START	1620137190792
USER	Create post guest Scenario	START	1620137190792
USER	Create post guest Scenario	START	1620137190792
USER	Create post guest Scenario	START	1620137190792
USER	Create post guest Scenario	START	1620137190793
USER	Create post guest Scenario	START	1620137190793
USER	Create post guest Scenario	START	1620137190793
USER	Create post guest Scenario	START	1620137190793
USER	Create post guest Scenario	START	1620137190791
USER	Create post guest Scenario	START	1620137190794
USER	Create post guest Scenario	START	1620137190794
USER	Create post guest Scenario	START	1620137190791
USER	Create post guest Scenario	START	1620137190794
USER	Create post guest Scenario	START	1620137190794
USER	Create post guest Scenario	START	1620137190643
USER	Create post guest Scenario	START	1620137190795
USER	Create post guest Scenario	START	1620137190794
USER	Create post guest Scenario	START	1620137190795
USER	Create post guest Scenario	START	1620137190795
USER	Create post guest Scenario	START	1620137190644
USER	Create post guest Scenario	START	1620137190796
USER	Create post guest Scenario	START	1620137190796
USER	Create post guest Scenario	START	1620137190796
USER	Create post guest Scenario	START	1620137190796
USER	Create post guest Scenario	START	1620137190796
USER	Create post guest Scenario	START	1620137190796
USER	Create post guest Scenario	START	1620137190796
USER	Create post guest Scenario	START	1620137190797
USER	Create post guest Scenario	START	1620137190797
USER	Create post guest Scenario	START	1620137190797
USER	Create post guest Scenario	START	1620137190797
USER	Create post guest Scenario	START	1620137190798
USER	Create post guest Scenario	START	1620137190798
USER	Create post guest Scenario	START	1620137190798
USER	Create post guest Scenario	START	1620137190798
USER	Create post guest Scenario	START	1620137190798
USER	Create post guest Scenario	START	1620137190798
USER	Create post guest Scenario	START	1620137190798
USER	Create post guest Scenario	START	1620137190799
USER	Create post guest Scenario	START	1620137190799
USER	Create post guest Scenario	START	1620137190799
USER	Create post guest Scenario	START	1620137190799
USER	Create post guest Scenario	START	1620137190799
USER	Create post guest Scenario	START	1620137190799
USER	Create post guest Scenario	START	1620137190795
USER	Create post guest Scenario	START	1620137190800
USER	Create post guest Scenario	START	1620137190800
USER	Create post guest Scenario	START	1620137190800
USER	Create post guest Scenario	START	1620137190800
USER	Create post guest Scenario	START	1620137190800
USER	Create post guest Scenario	START	1620137190797
USER	Create post guest Scenario	START	1620137190801
USER	Create post guest Scenario	START	1620137190801
USER	Create post guest Scenario	START	1620137190801
USER	Create post guest Scenario	START	1620137190801
USER	Create post guest Scenario	START	1620137190801
USER	Create post guest Scenario	START	1620137190801
USER	Create post guest Scenario	START	1620137190802
USER	Create post guest Scenario	START	1620137190802
USER	Create post guest Scenario	START	1620137190802
USER	Create post guest Scenario	START	1620137190802
USER	Create post guest Scenario	START	1620137190802
USER	Create post guest Scenario	START	1620137190802
USER	Create post guest Scenario	START	1620137190802
USER	Create post guest Scenario	START	1620137190803
USER	Create post guest Scenario	START	1620137190803
USER	Create post guest Scenario	START	1620137190803
USER	Create post guest Scenario	START	1620137190803
USER	Create post guest Scenario	START	1620137190803
USER	Create post guest Scenario	START	1620137190803
USER	Create post guest Scenario	START	1620137190804
USER	Create post guest Scenario	START	1620137190804
USER	Create post guest Scenario	START	1620137190804
USER	Create post guest Scenario	START	1620137190804
USER	Create post guest Scenario	START	1620137190804
USER	Create post guest Scenario	START	1620137190804
USER	Create post guest Scenario	START	1620137190804
USER	Create post guest Scenario	START	1620137190805
USER	Create post guest Scenario	START	1620137190805
USER	Create post guest Scenario	START	1620137190805
USER	Create post guest Scenario	START	1620137190805
USER	Create post guest Scenario	START	1620137190805
USER	Create post guest Scenario	START	1620137190805
USER	Create post guest Scenario	START	1620137190805
USER	Create post guest Scenario	START	1620137190805
USER	Create post guest Scenario	START	1620137190806
USER	Create post guest Scenario	START	1620137190800
USER	Create post guest Scenario	START	1620137190806
USER	Create post guest Scenario	START	1620137190806
USER	Create post guest Scenario	START	1620137190806
USER	Create post guest Scenario	START	1620137190806
USER	Create post guest Scenario	START	1620137190806
USER	Create post guest Scenario	START	1620137190806
USER	Create post guest Scenario	START	1620137190807
USER	Create post guest Scenario	START	1620137190807
USER	Create post guest Scenario	START	1620137190807
USER	Create post guest Scenario	START	1620137190807
USER	Create post guest Scenario	START	1620137190807
USER	Create post guest Scenario	START	1620137190807
USER	Create post guest Scenario	START	1620137190807
USER	Create post guest Scenario	START	1620137190807
USER	Create post guest Scenario	START	1620137190807
USER	Create post guest Scenario	START	1620137190807
USER	Create post guest Scenario	START	1620137190808
USER	Create post guest Scenario	START	1620137190808
USER	Create post guest Scenario	START	1620137190805
USER	Create post guest Scenario	START	1620137190808
USER	Create post guest Scenario	START	1620137190808
USER	Create post guest Scenario	START	1620137190809
USER	Create post guest Scenario	START	1620137190808
USER	Create post guest Scenario	START	1620137190644
USER	Create post guest Scenario	START	1620137190809
USER	Create post guest Scenario	START	1620137190810
USER	Create post guest Scenario	START	1620137190643
USER	Create post guest Scenario	START	1620137190810
USER	Create post guest Scenario	START	1620137190805
USER	Create post guest Scenario	START	1620137190811
USER	Create post guest Scenario	START	1620137190811
USER	Create post guest Scenario	START	1620137190811
USER	Create post guest Scenario	START	1620137190811
USER	Create post guest Scenario	START	1620137190795
USER	Create post guest Scenario	START	1620137190812
USER	Create post guest Scenario	START	1620137190812
USER	Create post guest Scenario	START	1620137190812
USER	Create post guest Scenario	START	1620137190812
USER	Create post guest Scenario	START	1620137190812
USER	Create post guest Scenario	START	1620137190644
USER	Create post guest Scenario	START	1620137190813
USER	Create post guest Scenario	START	1620137190813
USER	Create post guest Scenario	START	1620137190811
USER	Create post guest Scenario	START	1620137190813
USER	Create post guest Scenario	START	1620137190813
USER	Create post guest Scenario	START	1620137190814
USER	Create post guest Scenario	START	1620137190814
USER	Create post guest Scenario	START	1620137190814
USER	Create post guest Scenario	START	1620137190814
USER	Create post guest Scenario	START	1620137190814
USER	Create post guest Scenario	START	1620137190814
USER	Create post guest Scenario	START	1620137190815
USER	Create post guest Scenario	START	1620137190815
USER	Create post guest Scenario	START	1620137190815
USER	Create post guest Scenario	START	1620137190815
USER	Create post guest Scenario	START	1620137190815
USER	Create post guest Scenario	START	1620137190815
USER	Create post guest Scenario	START	1620137190815
USER	Create post guest Scenario	START	1620137190815
USER	Create post guest Scenario	START	1620137190816
USER	Create post guest Scenario	START	1620137190816
USER	Create post guest Scenario	START	1620137190816
USER	Create post guest Scenario	START	1620137190816
USER	Create post guest Scenario	START	1620137190816
USER	Create post guest Scenario	START	1620137190816
USER	Create post guest Scenario	START	1620137190816
USER	Create post guest Scenario	START	1620137190816
USER	Create post guest Scenario	START	1620137190817
USER	Create post guest Scenario	START	1620137190817
USER	Create post guest Scenario	START	1620137190817
USER	Create post guest Scenario	START	1620137190817
USER	Create post guest Scenario	START	1620137190818
USER	Create post guest Scenario	START	1620137190818
USER	Create post guest Scenario	START	1620137190818
USER	Create post guest Scenario	START	1620137190818
USER	Create post guest Scenario	START	1620137190818
USER	Create post guest Scenario	START	1620137190818
USER	Create post guest Scenario	START	1620137190818
USER	Create post guest Scenario	START	1620137190818
USER	Create post guest Scenario	START	1620137190819
USER	Create post guest Scenario	START	1620137190819
USER	Create post guest Scenario	START	1620137190819
USER	Create post guest Scenario	START	1620137190820
USER	Create post guest Scenario	START	1620137190819
USER	Create post guest Scenario	START	1620137190819
USER	Create post guest Scenario	START	1620137190820
USER	Create post guest Scenario	START	1620137190820
USER	Create post guest Scenario	START	1620137190820
USER	Create post guest Scenario	START	1620137190821
USER	Create post guest Scenario	START	1620137190821
USER	Create post guest Scenario	START	1620137190821
USER	Create post guest Scenario	START	1620137190821
USER	Create post guest Scenario	START	1620137190821
USER	Create post guest Scenario	START	1620137190822
USER	Create post guest Scenario	START	1620137190822
USER	Create post guest Scenario	START	1620137190822
USER	Create post guest Scenario	START	1620137190823
USER	Create post guest Scenario	START	1620137190823
USER	Create post guest Scenario	START	1620137190824
USER	Create post guest Scenario	START	1620137190824
USER	Create post guest Scenario	START	1620137190823
USER	Create post guest Scenario	START	1620137190824
USER	Create post guest Scenario	START	1620137190824
USER	Create post guest Scenario	START	1620137190824
USER	Create post guest Scenario	START	1620137190825
USER	Create post guest Scenario	START	1620137190825
USER	Create post guest Scenario	START	1620137190825
USER	Create post guest Scenario	START	1620137190825
USER	Create post guest Scenario	START	1620137190825
USER	Create post guest Scenario	START	1620137190826
USER	Create post guest Scenario	START	1620137190826
USER	Create post guest Scenario	START	1620137190826
USER	Create post guest Scenario	START	1620137190827
USER	Create post guest Scenario	START	1620137190827
USER	Create post guest Scenario	START	1620137190827
USER	Create post guest Scenario	START	1620137190827
USER	Create post guest Scenario	START	1620137190828
USER	Create post guest Scenario	START	1620137190828
USER	Create post guest Scenario	START	1620137190828
USER	Create post guest Scenario	START	1620137190828
USER	Create post guest Scenario	START	1620137190829
USER	Create post guest Scenario	START	1620137190829
USER	Create post guest Scenario	START	1620137190829
USER	Create post guest Scenario	START	1620137190830
USER	Create post guest Scenario	START	1620137190830
USER	Create post guest Scenario	START	1620137190830
USER	Create post guest Scenario	START	1620137190830
USER	Create post guest Scenario	START	1620137190830
USER	Create post guest Scenario	START	1620137190830
USER	Create post guest Scenario	START	1620137190831
USER	Create post guest Scenario	START	1620137190831
USER	Create post guest Scenario	START	1620137190831
USER	Create post guest Scenario	START	1620137190832
USER	Create post guest Scenario	START	1620137190832
USER	Create post guest Scenario	START	1620137190832
USER	Create post guest Scenario	START	1620137190833
USER	Create post guest Scenario	START	1620137190644
USER	Create post guest Scenario	START	1620137190835
USER	Create post guest Scenario	START	1620137190837
USER	Create post guest Scenario	START	1620137190840
USER	Create post guest Scenario	START	1620137190842
USER	Create post guest Scenario	START	1620137190843
USER	Create post guest Scenario	START	1620137190844
USER	Create post guest Scenario	START	1620137190845
USER	Create post guest Scenario	START	1620137190846
USER	Create post guest Scenario	START	1620137190796
USER	Create post guest Scenario	START	1620137190848
USER	Create post guest Scenario	START	1620137190849
USER	Create post guest Scenario	START	1620137190810
USER	Create post guest Scenario	START	1620137190850
USER	Create post guest Scenario	START	1620137190847
USER	Create post guest Scenario	START	1620137190851
USER	Create post guest Scenario	START	1620137190851
USER	Create post guest Scenario	START	1620137190809
USER	Create post guest Scenario	START	1620137190852
USER	Create post guest Scenario	START	1620137190850
USER	Create post guest Scenario	START	1620137190808
USER	Create post guest Scenario	START	1620137190809
USER	Create post guest Scenario	START	1620137190809
USER	Create post guest Scenario	START	1620137190853
USER	Create post guest Scenario	START	1620137190853
USER	Create post guest Scenario	START	1620137190853
USER	Create post guest Scenario	START	1620137190800
USER	Create post guest Scenario	START	1620137190853
USER	Create post guest Scenario	START	1620137190853
USER	Create post guest Scenario	START	1620137190854
USER	Create post guest Scenario	START	1620137190855
USER	Create post guest Scenario	START	1620137190855
USER	Create post guest Scenario	START	1620137190855
USER	Create post guest Scenario	START	1620137190855
USER	Create post guest Scenario	START	1620137190855
USER	Create post guest Scenario	START	1620137190856
USER	Create post guest Scenario	START	1620137190856
USER	Create post guest Scenario	START	1620137190856
USER	Create post guest Scenario	START	1620137190809
USER	Create post guest Scenario	START	1620137190856
USER	Create post guest Scenario	START	1620137190857
USER	Create post guest Scenario	START	1620137190857
USER	Create post guest Scenario	START	1620137190857
USER	Create post guest Scenario	START	1620137190857
USER	Create post guest Scenario	START	1620137190857
USER	Create post guest Scenario	START	1620137190857
USER	Create post guest Scenario	START	1620137190857
USER	Create post guest Scenario	START	1620137190858
USER	Create post guest Scenario	START	1620137190858
USER	Create post guest Scenario	START	1620137190858
USER	Create post guest Scenario	START	1620137190858
USER	Create post guest Scenario	START	1620137190859
USER	Create post guest Scenario	START	1620137190859
USER	Create post guest Scenario	START	1620137190859
USER	Create post guest Scenario	START	1620137190859
USER	Create post guest Scenario	START	1620137190854
USER	Create post guest Scenario	START	1620137190859
USER	Create post guest Scenario	START	1620137190859
USER	Create post guest Scenario	START	1620137190860
USER	Create post guest Scenario	START	1620137190860
USER	Create post guest Scenario	START	1620137190860
USER	Create post guest Scenario	START	1620137190860
USER	Create post guest Scenario	START	1620137190861
USER	Create post guest Scenario	START	1620137190861
USER	Create post guest Scenario	START	1620137190856
USER	Create post guest Scenario	START	1620137190861
USER	Create post guest Scenario	START	1620137190862
USER	Create post guest Scenario	START	1620137190861
USER	Create post guest Scenario	START	1620137190862
USER	Create post guest Scenario	START	1620137190862
USER	Create post guest Scenario	START	1620137190862
USER	Create post guest Scenario	START	1620137190863
USER	Create post guest Scenario	START	1620137190863
USER	Create post guest Scenario	START	1620137190859
USER	Create post guest Scenario	START	1620137190864
USER	Create post guest Scenario	START	1620137190854
USER	Create post guest Scenario	START	1620137190864
USER	Create post guest Scenario	START	1620137190859
USER	Create post guest Scenario	START	1620137190863
USER	Create post guest Scenario	START	1620137190865
USER	Create post guest Scenario	START	1620137190866
USER	Create post guest Scenario	START	1620137190866
USER	Create post guest Scenario	START	1620137190854
USER	Create post guest Scenario	START	1620137190866
USER	Create post guest Scenario	START	1620137190866
USER	Create post guest Scenario	START	1620137190866
USER	Create post guest Scenario	START	1620137190867
USER	Create post guest Scenario	START	1620137190867
USER	Create post guest Scenario	START	1620137190867
USER	Create post guest Scenario	START	1620137190864
USER	Create post guest Scenario	START	1620137190868
USER	Create post guest Scenario	START	1620137190865
USER	Create post guest Scenario	START	1620137190868
USER	Create post guest Scenario	START	1620137190869
USER	Create post guest Scenario	START	1620137190869
USER	Create post guest Scenario	START	1620137190869
USER	Create post guest Scenario	START	1620137190869
USER	Create post guest Scenario	START	1620137190869
USER	Create post guest Scenario	START	1620137190870
USER	Create post guest Scenario	START	1620137190870
USER	Create post guest Scenario	START	1620137190870
USER	Create post guest Scenario	START	1620137190853
USER	Create post guest Scenario	START	1620137190870
USER	Create post guest Scenario	START	1620137190870
USER	Create post guest Scenario	START	1620137190870
USER	Create post guest Scenario	START	1620137190871
USER	Create post guest Scenario	START	1620137190866
USER	Create post guest Scenario	START	1620137190871
USER	Create post guest Scenario	START	1620137190871
USER	Create post guest Scenario	START	1620137190871
USER	Create post guest Scenario	START	1620137190870
USER	Create post guest Scenario	START	1620137190872
USER	Create post guest Scenario	START	1620137190872
USER	Create post guest Scenario	START	1620137190872
USER	Create post guest Scenario	START	1620137190872
USER	Create post guest Scenario	START	1620137190872
USER	Create post guest Scenario	START	1620137190873
USER	Create post guest Scenario	START	1620137190853
USER	Create post guest Scenario	START	1620137190874
USER	Create post guest Scenario	START	1620137190870
USER	Create post guest Scenario	START	1620137190874
USER	Create post guest Scenario	START	1620137190873
USER	Create post guest Scenario	START	1620137190874
USER	Create post guest Scenario	START	1620137190877
USER	Create post guest Scenario	START	1620137190873
USER	Create post guest Scenario	START	1620137190876
USER	Create post guest Scenario	START	1620137190878
USER	Create post guest Scenario	START	1620137190880
USER	Create post guest Scenario	START	1620137190882
USER	Create post guest Scenario	START	1620137190871
USER	Create post guest Scenario	START	1620137190881
USER	Create post guest Scenario	START	1620137190812
USER	Create post guest Scenario	START	1620137190875
USER	Create post guest Scenario	START	1620137190882
USER	Create post guest Scenario	START	1620137190875
USER	Create post guest Scenario	START	1620137190884
USER	Create post guest Scenario	START	1620137190883
USER	Create post guest Scenario	START	1620137190885
USER	Create post guest Scenario	START	1620137190885
USER	Create post guest Scenario	START	1620137190885
USER	Create post guest Scenario	START	1620137190884
USER	Create post guest Scenario	START	1620137190885
USER	Create post guest Scenario	START	1620137190883
USER	Create post guest Scenario	START	1620137190886
USER	Create post guest Scenario	START	1620137190886
USER	Create post guest Scenario	START	1620137190886
USER	Create post guest Scenario	START	1620137190887
USER	Create post guest Scenario	START	1620137190886
USER	Create post guest Scenario	START	1620137190888
USER	Create post guest Scenario	START	1620137190887
USER	Create post guest Scenario	START	1620137190889
USER	Create post guest Scenario	START	1620137190888
USER	Create post guest Scenario	START	1620137190888
USER	Create post guest Scenario	START	1620137190890
USER	Create post guest Scenario	START	1620137190889
USER	Create post guest Scenario	START	1620137190886
USER	Create post guest Scenario	START	1620137190890
USER	Create post guest Scenario	START	1620137190890
USER	Create post guest Scenario	START	1620137190890
USER	Create post guest Scenario	START	1620137190857
USER	Create post guest Scenario	START	1620137190890
USER	Create post guest Scenario	START	1620137190892
USER	Create post guest Scenario	START	1620137190893
USER	Create post guest Scenario	START	1620137190892
USER	Create post guest Scenario	START	1620137190891
USER	Create post guest Scenario	START	1620137190897
USER	Create post guest Scenario	START	1620137190894
USER	Create post guest Scenario	START	1620137190897
USER	Create post guest Scenario	START	1620137190897
USER	Create post guest Scenario	START	1620137190898
USER	Create post guest Scenario	START	1620137190898
USER	Create post guest Scenario	START	1620137190898
USER	Create post guest Scenario	START	1620137190898
USER	Create post guest Scenario	START	1620137190898
USER	Create post guest Scenario	START	1620137190898
USER	Create post guest Scenario	START	1620137190899
USER	Create post guest Scenario	START	1620137190899
USER	Create post guest Scenario	START	1620137190899
USER	Create post guest Scenario	START	1620137190900
USER	Create post guest Scenario	START	1620137190900
USER	Create post guest Scenario	START	1620137190897
USER	Create post guest Scenario	START	1620137190900
USER	Create post guest Scenario	START	1620137190900
USER	Create post guest Scenario	START	1620137190900
USER	Create post guest Scenario	START	1620137190901
USER	Create post guest Scenario	START	1620137190901
USER	Create post guest Scenario	START	1620137190902
USER	Create post guest Scenario	START	1620137190901
USER	Create post guest Scenario	START	1620137190902
USER	Create post guest Scenario	START	1620137190902
USER	Create post guest Scenario	START	1620137190901
USER	Create post guest Scenario	START	1620137190903
USER	Create post guest Scenario	START	1620137190903
USER	Create post guest Scenario	START	1620137190903
USER	Create post guest Scenario	START	1620137190904
USER	Create post guest Scenario	START	1620137190904
USER	Create post guest Scenario	START	1620137190904
USER	Create post guest Scenario	START	1620137190903
USER	Create post guest Scenario	START	1620137190905
USER	Create post guest Scenario	START	1620137190905
USER	Create post guest Scenario	START	1620137190905
USER	Create post guest Scenario	START	1620137190905
USER	Create post guest Scenario	START	1620137190905
USER	Create post guest Scenario	START	1620137190906
USER	Create post guest Scenario	START	1620137190906
USER	Create post guest Scenario	START	1620137190893
USER	Create post guest Scenario	START	1620137190906
USER	Create post guest Scenario	START	1620137190907
USER	Create post guest Scenario	START	1620137190907
USER	Create post guest Scenario	START	1620137190907
USER	Create post guest Scenario	START	1620137190907
USER	Create post guest Scenario	START	1620137190907
USER	Create post guest Scenario	START	1620137190908
USER	Create post guest Scenario	START	1620137190908
USER	Create post guest Scenario	START	1620137190908
USER	Create post guest Scenario	START	1620137190908
USER	Create post guest Scenario	START	1620137190909
USER	Create post guest Scenario	START	1620137190909
USER	Create post guest Scenario	START	1620137190909
USER	Create post guest Scenario	START	1620137190910
USER	Create post guest Scenario	START	1620137190911
USER	Create post guest Scenario	START	1620137190912
USER	Create post guest Scenario	START	1620137190905
USER	Create post guest Scenario	START	1620137190913
USER	Create post guest Scenario	START	1620137190913
USER	Create post guest Scenario	START	1620137190914
USER	Create post guest Scenario	START	1620137190914
USER	Create post guest Scenario	START	1620137190915
USER	Create post guest Scenario	START	1620137190916
USER	Create post guest Scenario	START	1620137190915
USER	Create post guest Scenario	START	1620137190916
USER	Create post guest Scenario	START	1620137190917
USER	Create post guest Scenario	START	1620137190918
USER	Create post guest Scenario	START	1620137190868
USER	Create post guest Scenario	START	1620137190922
USER	Create post guest Scenario	START	1620137190919
USER	Create post guest Scenario	START	1620137190923
USER	Create post guest Scenario	START	1620137190923
USER	Create post guest Scenario	START	1620137190924
USER	Create post guest Scenario	START	1620137190924
USER	Create post guest Scenario	START	1620137190925
USER	Create post guest Scenario	START	1620137190925
USER	Create post guest Scenario	START	1620137190925
USER	Create post guest Scenario	START	1620137190925
USER	Create post guest Scenario	START	1620137190926
USER	Create post guest Scenario	START	1620137190926
USER	Create post guest Scenario	START	1620137190927
USER	Create post guest Scenario	START	1620137190927
USER	Create post guest Scenario	START	1620137190928
USER	Create post guest Scenario	START	1620137190928
USER	Create post guest Scenario	START	1620137190929
USER	Create post guest Scenario	START	1620137190930
USER	Create post guest Scenario	START	1620137190930
USER	Create post guest Scenario	START	1620137190931
USER	Create post guest Scenario	START	1620137190931
USER	Create post guest Scenario	START	1620137190931
USER	Create post guest Scenario	START	1620137190931
USER	Create post guest Scenario	START	1620137190932
USER	Create post guest Scenario	START	1620137190932
USER	Create post guest Scenario	START	1620137190933
USER	Create post guest Scenario	START	1620137190933
USER	Create post guest Scenario	START	1620137190934
USER	Create post guest Scenario	START	1620137190935
REQUEST		Create guest Request	1620137190798	1620137191042	OK	 
REQUEST		Create guest Request	1620137190805	1620137191061	OK	 
REQUEST		Create guest Request	1620137190676	1620137191071	OK	 
REQUEST		Create guest Request	1620137190805	1620137191073	OK	 
REQUEST		Create guest Request	1620137190813	1620137191074	OK	 
REQUEST		Create guest Request	1620137190815	1620137191075	OK	 
REQUEST		Create guest Request	1620137190816	1620137191076	OK	 
REQUEST		Create guest Request	1620137190832	1620137191046	OK	 
REQUEST		Create guest Request	1620137190816	1620137191081	OK	 
REQUEST		Create guest Request	1620137190828	1620137191082	OK	 
REQUEST		Create guest Request	1620137190830	1620137191083	OK	 
REQUEST		Create guest Request	1620137190868	1620137191084	OK	 
REQUEST		Create guest Request	1620137190675	1620137191088	OK	 
REQUEST		Create guest Request	1620137190812	1620137191090	OK	 
REQUEST		Create guest Request	1620137190804	1620137191096	OK	 
REQUEST		Create guest Request	1620137190858	1620137191097	OK	 
REQUEST		Create guest Request	1620137190925	1620137191097	OK	 
REQUEST		Create guest Request	1620137190929	1620137191102	OK	 
REQUEST		Create guest Request	1620137190810	1620137191106	OK	 
REQUEST		Create guest Request	1620137190795	1620137191113	OK	 
REQUEST		Create guest Request	1620137190804	1620137191117	OK	 
REQUEST		Create guest Request	1620137190857	1620137191118	OK	 
REQUEST		Create guest Request	1620137190808	1620137191119	OK	 
REQUEST		Create guest Request	1620137190867	1620137191119	OK	 
REQUEST		Create guest Request	1620137190857	1620137191119	OK	 
REQUEST		Create guest Request	1620137190798	1620137191119	OK	 
REQUEST		Create guest Request	1620137190824	1620137191124	OK	 
REQUEST		Create guest Request	1620137190922	1620137191127	OK	 
REQUEST		Create guest Request	1620137190912	1620137191128	OK	 
REQUEST		Create guest Request	1620137190917	1620137191129	OK	 
REQUEST		Create guest Request	1620137190796	1620137191133	OK	 
REQUEST		Create guest Request	1620137190924	1620137191133	OK	 
USER	Create post guest Scenario	END	1620137191070
USER	Create post guest Scenario	END	1620137191072
USER	Create post guest Scenario	END	1620137191073
USER	Create post guest Scenario	END	1620137191074
USER	Create post guest Scenario	END	1620137191075
USER	Create post guest Scenario	END	1620137191077
USER	Create post guest Scenario	END	1620137191080
USER	Create post guest Scenario	END	1620137191081
USER	Create post guest Scenario	END	1620137191082
USER	Create post guest Scenario	END	1620137191083
USER	Create post guest Scenario	END	1620137191085
USER	Create post guest Scenario	END	1620137191086
USER	Create post guest Scenario	END	1620137191089
USER	Create post guest Scenario	END	1620137191091
USER	Create post guest Scenario	END	1620137191097
USER	Create post guest Scenario	END	1620137191098
USER	Create post guest Scenario	END	1620137191099
USER	Create post guest Scenario	END	1620137191103
USER	Create post guest Scenario	END	1620137191106
USER	Create post guest Scenario	END	1620137191114
USER	Create post guest Scenario	END	1620137191118
USER	Create post guest Scenario	END	1620137191119
USER	Create post guest Scenario	END	1620137191119
USER	Create post guest Scenario	END	1620137191120
USER	Create post guest Scenario	END	1620137191120
USER	Create post guest Scenario	END	1620137191125
USER	Create post guest Scenario	END	1620137191127
USER	Create post guest Scenario	END	1620137191128
USER	Create post guest Scenario	END	1620137191129
USER	Create post guest Scenario	END	1620137191133
USER	Create post guest Scenario	END	1620137191133
REQUEST		Create guest Request	1620137190828	1620137191149	OK	 
REQUEST		Create guest Request	1620137190819	1620137191151	OK	 
REQUEST		Create guest Request	1620137190820	1620137191154	OK	 
USER	Create post guest Scenario	END	1620137191150
USER	Create post guest Scenario	END	1620137191151
USER	Create post guest Scenario	END	1620137191155
REQUEST		Create guest Request	1620137190830	1620137191160	OK	 
REQUEST		Create guest Request	1620137190806	1620137191163	OK	 
REQUEST		Create guest Request	1620137190832	1620137191163	OK	 
USER	Create post guest Scenario	END	1620137191161
USER	Create post guest Scenario	END	1620137191163
USER	Create post guest Scenario	END	1620137191163
REQUEST		Create guest Request	1620137190818	1620137191169	OK	 
USER	Create post guest Scenario	END	1620137191170
REQUEST		Create guest Request	1620137190822	1620137191175	OK	 
USER	Create post guest Scenario	END	1620137191176
REQUEST		Create guest Request	1620137190816	1620137191181	OK	 
USER	Create post guest Scenario	END	1620137191182
REQUEST		Create guest Request	1620137190818	1620137191185	OK	 
USER	Create post guest Scenario	END	1620137191185
REQUEST		Create guest Request	1620137190820	1620137191189	OK	 
USER	Create post guest Scenario	END	1620137191190
REQUEST		Create guest Request	1620137190818	1620137191192	OK	 
REQUEST		Create guest Request	1620137190823	1620137191192	OK	 
USER	Create post guest Scenario	END	1620137191192
USER	Create post guest Scenario	END	1620137191192
REQUEST		Create guest Request	1620137190811	1620137191198	OK	 
REQUEST		Create guest Request	1620137190833	1620137191198	OK	 
REQUEST		Create guest Request	1620137190813	1620137191199	OK	 
REQUEST		Create guest Request	1620137190830	1620137191204	OK	 
USER	Create post guest Scenario	END	1620137191198
USER	Create post guest Scenario	END	1620137191199
USER	Create post guest Scenario	END	1620137191200
USER	Create post guest Scenario	END	1620137191206
REQUEST		Create guest Request	1620137190831	1620137191207	OK	 
USER	Create post guest Scenario	END	1620137191211
REQUEST		Create guest Request	1620137190815	1620137191222	OK	 
REQUEST		Create guest Request	1620137190821	1620137191223	OK	 
REQUEST		Create guest Request	1620137190833	1620137191225	OK	 
REQUEST		Create guest Request	1620137190816	1620137191227	OK	 
REQUEST		Create guest Request	1620137190811	1620137191227	OK	 
USER	Create post guest Scenario	END	1620137191223
USER	Create post guest Scenario	END	1620137191223
USER	Create post guest Scenario	END	1620137191226
USER	Create post guest Scenario	END	1620137191227
USER	Create post guest Scenario	END	1620137191227
REQUEST		Create guest Request	1620137190817	1620137191232	OK	 
REQUEST		Create guest Request	1620137190814	1620137191234	OK	 
USER	Create post guest Scenario	END	1620137191233
USER	Create post guest Scenario	END	1620137191235
REQUEST		Create guest Request	1620137190792	1620137191242	OK	 
REQUEST		Create guest Request	1620137190862	1620137191244	OK	 
REQUEST		Create guest Request	1620137190812	1620137191245	OK	 
REQUEST		Create guest Request	1620137190909	1620137191246	OK	 
REQUEST		Create guest Request	1620137190806	1620137191246	OK	 
REQUEST		Create guest Request	1620137190825	1620137191303	OK	 
REQUEST		Create guest Request	1620137190675	1620137191304	OK	 
REQUEST		Create guest Request	1620137190815	1620137191306	OK	 
REQUEST		Create guest Request	1620137190816	1620137191307	OK	 
REQUEST		Create guest Request	1620137190826	1620137191314	OK	 
REQUEST		Create guest Request	1620137190675	1620137191319	OK	 
REQUEST		Create guest Request	1620137190792	1620137191321	OK	 
REQUEST		Create guest Request	1620137190826	1620137191323	OK	 
REQUEST		Create guest Request	1620137190792	1620137191323	OK	 
REQUEST		Create guest Request	1620137190796	1620137191324	OK	 
REQUEST		Create guest Request	1620137190797	1620137191329	OK	 
REQUEST		Create guest Request	1620137190798	1620137191331	OK	 
REQUEST		Create guest Request	1620137190822	1620137191333	OK	 
REQUEST		Create guest Request	1620137190799	1620137191334	OK	 
REQUEST		Create guest Request	1620137190799	1620137191336	OK	 
REQUEST		Create guest Request	1620137190826	1620137191339	OK	 
USER	Create post guest Scenario	END	1620137191243
USER	Create post guest Scenario	END	1620137191244
USER	Create post guest Scenario	END	1620137191245
USER	Create post guest Scenario	END	1620137191246
USER	Create post guest Scenario	END	1620137191246
USER	Create post guest Scenario	END	1620137191303
USER	Create post guest Scenario	END	1620137191305
USER	Create post guest Scenario	END	1620137191306
USER	Create post guest Scenario	END	1620137191307
USER	Create post guest Scenario	END	1620137191315
USER	Create post guest Scenario	END	1620137191318
REQUEST		Create guest Request	1620137190800	1620137191340	OK	 
USER	Create post guest Scenario	END	1620137191320
USER	Create post guest Scenario	END	1620137191322
USER	Create post guest Scenario	END	1620137191323
USER	Create post guest Scenario	END	1620137191324
USER	Create post guest Scenario	END	1620137191325
USER	Create post guest Scenario	END	1620137191329
USER	Create post guest Scenario	END	1620137191334
USER	Create post guest Scenario	END	1620137191334
USER	Create post guest Scenario	END	1620137191335
REQUEST		Create guest Request	1620137190822	1620137191342	OK	 
REQUEST		Create guest Request	1620137190802	1620137191344	OK	 
REQUEST		Create guest Request	1620137190819	1620137191345	OK	 
REQUEST		Create guest Request	1620137190829	1620137191346	OK	 
REQUEST		Create guest Request	1620137190802	1620137191346	OK	 
USER	Create post guest Scenario	END	1620137191339
USER	Create post guest Scenario	END	1620137191340
USER	Create post guest Scenario	END	1620137191343
USER	Create post guest Scenario	END	1620137191343
USER	Create post guest Scenario	END	1620137191345
USER	Create post guest Scenario	END	1620137191346
USER	Create post guest Scenario	END	1620137191347
USER	Create post guest Scenario	END	1620137191347
REQUEST		Create guest Request	1620137190803	1620137191348	OK	 
REQUEST		Create guest Request	1620137190817	1620137191349	OK	 
REQUEST		Create guest Request	1620137190804	1620137191350	OK	 
REQUEST		Create guest Request	1620137190801	1620137191351	OK	 
REQUEST		Create guest Request	1620137190805	1620137191351	OK	 
REQUEST		Create guest Request	1620137190856	1620137191352	OK	 
REQUEST		Create guest Request	1620137190794	1620137191352	OK	 
REQUEST		Create guest Request	1620137190806	1620137191352	OK	 
REQUEST		Create guest Request	1620137190796	1620137191353	OK	 
REQUEST		Create guest Request	1620137190807	1620137191353	OK	 
REQUEST		Create guest Request	1620137190855	1620137191354	OK	 
REQUEST		Create guest Request	1620137190859	1620137191354	OK	 
REQUEST		Create guest Request	1620137190808	1620137191355	OK	 
REQUEST		Create guest Request	1620137190803	1620137191355	OK	 
REQUEST		Create guest Request	1620137190800	1620137191355	OK	 
REQUEST		Create guest Request	1620137190809	1620137191355	OK	 
REQUEST		Create guest Request	1620137190804	1620137191356	OK	 
REQUEST		Create guest Request	1620137190807	1620137191356	OK	 
REQUEST		Create guest Request	1620137190859	1620137191356	OK	 
REQUEST		Create guest Request	1620137190808	1620137191357	OK	 
REQUEST		Create guest Request	1620137190860	1620137191357	OK	 
REQUEST		Create guest Request	1620137190854	1620137191357	OK	 
REQUEST		Create guest Request	1620137190855	1620137191358	OK	 
REQUEST		Create guest Request	1620137190800	1620137191359	OK	 
USER	Create post guest Scenario	END	1620137191349
USER	Create post guest Scenario	END	1620137191350
USER	Create post guest Scenario	END	1620137191351
USER	Create post guest Scenario	END	1620137191351
USER	Create post guest Scenario	END	1620137191352
USER	Create post guest Scenario	END	1620137191352
USER	Create post guest Scenario	END	1620137191352
USER	Create post guest Scenario	END	1620137191353
USER	Create post guest Scenario	END	1620137191353
USER	Create post guest Scenario	END	1620137191353
USER	Create post guest Scenario	END	1620137191354
USER	Create post guest Scenario	END	1620137191354
USER	Create post guest Scenario	END	1620137191355
USER	Create post guest Scenario	END	1620137191355
USER	Create post guest Scenario	END	1620137191355
USER	Create post guest Scenario	END	1620137191356
USER	Create post guest Scenario	END	1620137191356
USER	Create post guest Scenario	END	1620137191356
USER	Create post guest Scenario	END	1620137191356
USER	Create post guest Scenario	END	1620137191357
USER	Create post guest Scenario	END	1620137191357
USER	Create post guest Scenario	END	1620137191358
USER	Create post guest Scenario	END	1620137191359
USER	Create post guest Scenario	END	1620137191359
REQUEST		Create guest Request	1620137190795	1620137191361	OK	 
REQUEST		Create guest Request	1620137190815	1620137191362	OK	 
USER	Create post guest Scenario	END	1620137191362
USER	Create post guest Scenario	END	1620137191363
REQUEST		Create guest Request	1620137190824	1620137191363	OK	 
REQUEST		Create guest Request	1620137190675	1620137191363	OK	 
REQUEST		Create guest Request	1620137190675	1620137191365	OK	 
REQUEST		Create guest Request	1620137190794	1620137191365	OK	 
REQUEST		Create guest Request	1620137190830	1620137191365	OK	 
REQUEST		Create guest Request	1620137190812	1620137191366	OK	 
REQUEST		Create guest Request	1620137190814	1620137191366	OK	 
REQUEST		Create guest Request	1620137190796	1620137191366	OK	 
REQUEST		Create guest Request	1620137190815	1620137191367	OK	 
REQUEST		Create guest Request	1620137190797	1620137191367	OK	 
REQUEST		Create guest Request	1620137190815	1620137191368	OK	 
REQUEST		Create guest Request	1620137190797	1620137191368	OK	 
REQUEST		Create guest Request	1620137190820	1620137191368	OK	 
REQUEST		Create guest Request	1620137190799	1620137191369	OK	 
REQUEST		Create guest Request	1620137190853	1620137191369	OK	 
USER	Create post guest Scenario	END	1620137191364
USER	Create post guest Scenario	END	1620137191364
USER	Create post guest Scenario	END	1620137191365
USER	Create post guest Scenario	END	1620137191366
USER	Create post guest Scenario	END	1620137191366
USER	Create post guest Scenario	END	1620137191366
USER	Create post guest Scenario	END	1620137191367
USER	Create post guest Scenario	END	1620137191367
USER	Create post guest Scenario	END	1620137191367
USER	Create post guest Scenario	END	1620137191368
USER	Create post guest Scenario	END	1620137191368
USER	Create post guest Scenario	END	1620137191368
USER	Create post guest Scenario	END	1620137191369
USER	Create post guest Scenario	END	1620137191369
USER	Create post guest Scenario	END	1620137191370
REQUEST		Create guest Request	1620137190854	1620137191370	OK	 
USER	Create post guest Scenario	END	1620137191371
REQUEST		Create guest Request	1620137190810	1620137191371	OK	 
REQUEST		Create guest Request	1620137190867	1620137191371	OK	 
USER	Create post guest Scenario	END	1620137191372
USER	Create post guest Scenario	END	1620137191372
REQUEST		Create guest Request	1620137190925	1620137191372	OK	 
USER	Create post guest Scenario	END	1620137191373
REQUEST		Create guest Request	1620137190818	1620137191377	OK	 
REQUEST		Create guest Request	1620137190829	1620137191380	OK	 
REQUEST		Create guest Request	1620137190812	1620137191380	OK	 
USER	Create post guest Scenario	END	1620137191378
USER	Create post guest Scenario	END	1620137191380
USER	Create post guest Scenario	END	1620137191380
REQUEST		Create guest Request	1620137190814	1620137191381	OK	 
REQUEST		Create guest Request	1620137190827	1620137191382	OK	 
REQUEST		Create guest Request	1620137190819	1620137191385	OK	 
REQUEST		Create guest Request	1620137190800	1620137191388	OK	 
REQUEST		Create guest Request	1620137190863	1620137191390	OK	 
REQUEST		Create guest Request	1620137190817	1620137191395	OK	 
USER	Create post guest Scenario	END	1620137191381
USER	Create post guest Scenario	END	1620137191382
USER	Create post guest Scenario	END	1620137191385
USER	Create post guest Scenario	END	1620137191389
USER	Create post guest Scenario	END	1620137191391
USER	Create post guest Scenario	END	1620137191396
REQUEST		Create guest Request	1620137190913	1620137191397	OK	 
USER	Create post guest Scenario	END	1620137191398
REQUEST		Create guest Request	1620137190675	1620137191400	OK	 
REQUEST		Create guest Request	1620137190794	1620137191426	OK	 
USER	Create post guest Scenario	END	1620137191400
USER	Create post guest Scenario	END	1620137191426
REQUEST		Create guest Request	1620137190811	1620137191427	OK	 
USER	Create post guest Scenario	END	1620137191427
REQUEST		Create guest Request	1620137190894	1620137191428	OK	 
REQUEST		Create guest Request	1620137190865	1620137191428	OK	 
USER	Create post guest Scenario	END	1620137191428
USER	Create post guest Scenario	END	1620137191428
REQUEST		Create guest Request	1620137190907	1620137191429	OK	 
REQUEST		Create guest Request	1620137190866	1620137191429	OK	 
USER	Create post guest Scenario	END	1620137191429
USER	Create post guest Scenario	END	1620137191429
REQUEST		Create guest Request	1620137190926	1620137191430	OK	 
REQUEST		Create guest Request	1620137190791	1620137191438	OK	 
REQUEST		Create guest Request	1620137190803	1620137191443	OK	 
REQUEST		Create guest Request	1620137190792	1620137191443	OK	 
REQUEST		Create guest Request	1620137190817	1620137191447	OK	 
REQUEST		Create guest Request	1620137190794	1620137191447	OK	 
REQUEST		Create guest Request	1620137190862	1620137191448	OK	 
REQUEST		Create guest Request	1620137190793	1620137191452	OK	 
REQUEST		Create guest Request	1620137190792	1620137191453	OK	 
REQUEST		Create guest Request	1620137190795	1620137191454	OK	 
REQUEST		Create guest Request	1620137190812	1620137191457	OK	 
REQUEST		Create guest Request	1620137190860	1620137191459	OK	 
REQUEST		Create guest Request	1620137190854	1620137191460	OK	 
REQUEST		Create guest Request	1620137190862	1620137191461	OK	 
REQUEST		Create guest Request	1620137190867	1620137191465	OK	 
REQUEST		Create guest Request	1620137190864	1620137191467	OK	 
REQUEST		Create guest Request	1620137190867	1620137191468	OK	 
REQUEST		Create guest Request	1620137190863	1620137191469	OK	 
REQUEST		Create guest Request	1620137190866	1620137191471	OK	 
REQUEST		Create guest Request	1620137190873	1620137191476	OK	 
REQUEST		Create guest Request	1620137190873	1620137191477	OK	 
REQUEST		Create guest Request	1620137190877	1620137191480	OK	 
REQUEST		Create guest Request	1620137190856	1620137191480	OK	 
REQUEST		Create guest Request	1620137190885	1620137191483	OK	 
REQUEST		Create guest Request	1620137190887	1620137191484	OK	 
REQUEST		Create guest Request	1620137190835	1620137191485	OK	 
REQUEST		Create guest Request	1620137190820	1620137191486	OK	 
REQUEST		Create guest Request	1620137190795	1620137191488	OK	 
REQUEST		Create guest Request	1620137190675	1620137191489	OK	 
REQUEST		Create guest Request	1620137190675	1620137191494	OK	 
REQUEST		Create guest Request	1620137190851	1620137191496	OK	 
REQUEST		Create guest Request	1620137190675	1620137191497	OK	 
REQUEST		Create guest Request	1620137190840	1620137191498	OK	 
REQUEST		Create guest Request	1620137190857	1620137191499	OK	 
REQUEST		Create guest Request	1620137190823	1620137191500	OK	 
REQUEST		Create guest Request	1620137190859	1620137191508	OK	 
REQUEST		Create guest Request	1620137190857	1620137191509	OK	 
REQUEST		Create guest Request	1620137190845	1620137191509	OK	 
REQUEST		Create guest Request	1620137190858	1620137191510	OK	 
REQUEST		Create guest Request	1620137190878	1620137191511	OK	 
REQUEST		Create guest Request	1620137190870	1620137191512	OK	 
REQUEST		Create guest Request	1620137190871	1620137191512	OK	 
REQUEST		Create guest Request	1620137190874	1620137191513	OK	 
REQUEST		Create guest Request	1620137190883	1620137191515	OK	 
REQUEST		Create guest Request	1620137190796	1620137191515	OK	 
REQUEST		Create guest Request	1620137190808	1620137191516	OK	 
REQUEST		Create guest Request	1620137190872	1620137191520	OK	 
REQUEST		Create guest Request	1620137190809	1620137191520	OK	 
REQUEST		Create guest Request	1620137190861	1620137191523	OK	 
REQUEST		Create guest Request	1620137190869	1620137191526	OK	 
REQUEST		Create guest Request	1620137190871	1620137191527	OK	 
USER	Create post guest Scenario	END	1620137191439
USER	Create post guest Scenario	END	1620137191443
USER	Create post guest Scenario	END	1620137191443
USER	Create post guest Scenario	END	1620137191447
USER	Create post guest Scenario	END	1620137191447
USER	Create post guest Scenario	END	1620137191448
USER	Create post guest Scenario	END	1620137191452
REQUEST		Create guest Request	1620137190851	1620137191528	OK	 
USER	Create post guest Scenario	END	1620137191453
USER	Create post guest Scenario	END	1620137191454
USER	Create post guest Scenario	END	1620137191457
USER	Create post guest Scenario	END	1620137191459
USER	Create post guest Scenario	END	1620137191460
USER	Create post guest Scenario	END	1620137191461
USER	Create post guest Scenario	END	1620137191465
USER	Create post guest Scenario	END	1620137191467
USER	Create post guest Scenario	END	1620137191468
USER	Create post guest Scenario	END	1620137191469
USER	Create post guest Scenario	END	1620137191471
USER	Create post guest Scenario	END	1620137191476
USER	Create post guest Scenario	END	1620137191477
USER	Create post guest Scenario	END	1620137191481
REQUEST		Create guest Request	1620137190910	1620137191529	OK	 
USER	Create post guest Scenario	END	1620137191481
USER	Create post guest Scenario	END	1620137191484
USER	Create post guest Scenario	END	1620137191484
USER	Create post guest Scenario	END	1620137191486
USER	Create post guest Scenario	END	1620137191487
USER	Create post guest Scenario	END	1620137191488
USER	Create post guest Scenario	END	1620137191489
USER	Create post guest Scenario	END	1620137191495
USER	Create post guest Scenario	END	1620137191497
USER	Create post guest Scenario	END	1620137191498
USER	Create post guest Scenario	END	1620137191498
USER	Create post guest Scenario	END	1620137191499
USER	Create post guest Scenario	END	1620137191500
USER	Create post guest Scenario	END	1620137191509
USER	Create post guest Scenario	END	1620137191509
USER	Create post guest Scenario	END	1620137191510
USER	Create post guest Scenario	END	1620137191511
USER	Create post guest Scenario	END	1620137191511
USER	Create post guest Scenario	END	1620137191512
USER	Create post guest Scenario	END	1620137191512
USER	Create post guest Scenario	END	1620137191513
USER	Create post guest Scenario	END	1620137191515
USER	Create post guest Scenario	END	1620137191516
USER	Create post guest Scenario	END	1620137191516
USER	Create post guest Scenario	END	1620137191521
USER	Create post guest Scenario	END	1620137191521
USER	Create post guest Scenario	END	1620137191523
USER	Create post guest Scenario	END	1620137191527
USER	Create post guest Scenario	END	1620137191528
USER	Create post guest Scenario	END	1620137191528
USER	Create post guest Scenario	END	1620137191529
USER	Create post guest Scenario	END	1620137191529
REQUEST		Create guest Request	1620137190911	1620137191530	OK	 
REQUEST		Create guest Request	1620137190872	1620137191528	OK	 
USER	Create post guest Scenario	END	1620137191530
REQUEST		Create guest Request	1620137190914	1620137191530	OK	 
REQUEST		Create guest Request	1620137190865	1620137191532	OK	 
REQUEST		Create guest Request	1620137190916	1620137191532	OK	 
REQUEST		Create guest Request	1620137190917	1620137191533	OK	 
REQUEST		Create guest Request	1620137190918	1620137191535	OK	 
REQUEST		Create guest Request	1620137190859	1620137191536	OK	 
REQUEST		Create guest Request	1620137190886	1620137191536	OK	 
REQUEST		Create guest Request	1620137190870	1620137191537	OK	 
REQUEST		Create guest Request	1620137190849	1620137191537	OK	 
REQUEST		Create guest Request	1620137190893	1620137191540	OK	 
REQUEST		Create guest Request	1620137190856	1620137191542	OK	 
REQUEST		Create guest Request	1620137190872	1620137191543	OK	 
REQUEST		Create guest Request	1620137190860	1620137191543	OK	 
REQUEST		Create guest Request	1620137190853	1620137191543	OK	 
REQUEST		Create guest Request	1620137190898	1620137191544	OK	 
REQUEST		Create guest Request	1620137190857	1620137191544	OK	 
REQUEST		Create guest Request	1620137190890	1620137191547	OK	 
REQUEST		Create guest Request	1620137190855	1620137191549	OK	 
REQUEST		Create guest Request	1620137190857	1620137191550	OK	 
REQUEST		Create guest Request	1620137190900	1620137191551	OK	 
REQUEST		Create guest Request	1620137190810	1620137191553	OK	 
REQUEST		Create guest Request	1620137190903	1620137191553	OK	 
REQUEST		Create guest Request	1620137190900	1620137191555	OK	 
REQUEST		Create guest Request	1620137190906	1620137191556	OK	 
REQUEST		Create guest Request	1620137190906	1620137191557	OK	 
REQUEST		Create guest Request	1620137190905	1620137191557	OK	 
REQUEST		Create guest Request	1620137190901	1620137191557	OK	 
REQUEST		Create guest Request	1620137190902	1620137191557	OK	 
REQUEST		Create guest Request	1620137190908	1620137191562	OK	 
REQUEST		Create guest Request	1620137190826	1620137191562	OK	 
REQUEST		Create guest Request	1620137190828	1620137191563	OK	 
REQUEST		Create guest Request	1620137190890	1620137191564	OK	 
USER	Create post guest Scenario	END	1620137191530
USER	Create post guest Scenario	END	1620137191531
USER	Create post guest Scenario	END	1620137191532
USER	Create post guest Scenario	END	1620137191533
USER	Create post guest Scenario	END	1620137191534
USER	Create post guest Scenario	END	1620137191537
USER	Create post guest Scenario	END	1620137191537
USER	Create post guest Scenario	END	1620137191537
USER	Create post guest Scenario	END	1620137191537
USER	Create post guest Scenario	END	1620137191541
USER	Create post guest Scenario	END	1620137191543
USER	Create post guest Scenario	END	1620137191543
USER	Create post guest Scenario	END	1620137191543
USER	Create post guest Scenario	END	1620137191543
USER	Create post guest Scenario	END	1620137191544
USER	Create post guest Scenario	END	1620137191544
USER	Create post guest Scenario	END	1620137191547
USER	Create post guest Scenario	END	1620137191550
REQUEST		Create guest Request	1620137190831	1620137191567	OK	 
USER	Create post guest Scenario	END	1620137191551
USER	Create post guest Scenario	END	1620137191551
USER	Create post guest Scenario	END	1620137191553
USER	Create post guest Scenario	END	1620137191553
USER	Create post guest Scenario	END	1620137191556
USER	Create post guest Scenario	END	1620137191556
USER	Create post guest Scenario	END	1620137191557
USER	Create post guest Scenario	END	1620137191557
USER	Create post guest Scenario	END	1620137191557
USER	Create post guest Scenario	END	1620137191558
USER	Create post guest Scenario	END	1620137191562
USER	Create post guest Scenario	END	1620137191562
USER	Create post guest Scenario	END	1620137191563
USER	Create post guest Scenario	END	1620137191564
USER	Create post guest Scenario	END	1620137191567
USER	Create post guest Scenario	END	1620137191567
REQUEST		Create guest Request	1620137190923	1620137191567	OK	 
REQUEST		Create guest Request	1620137190830	1620137191567	OK	 
USER	Create post guest Scenario	END	1620137191568
USER	Create post guest Scenario	END	1620137191568
REQUEST		Create guest Request	1620137190838	1620137191578	OK	 
REQUEST		Create guest Request	1620137190908	1620137191578	OK	 
REQUEST		Create guest Request	1620137190859	1620137191579	OK	 
REQUEST		Create guest Request	1620137190870	1620137191583	OK	 
REQUEST		Create guest Request	1620137190860	1620137191584	OK	 
USER	Create post guest Scenario	END	1620137191578
USER	Create post guest Scenario	END	1620137191578
USER	Create post guest Scenario	END	1620137191579
USER	Create post guest Scenario	END	1620137191583
USER	Create post guest Scenario	END	1620137191584
REQUEST		Create guest Request	1620137190871	1620137191586	OK	 
REQUEST		Create guest Request	1620137190792	1620137191590	OK	 
REQUEST		Create guest Request	1620137190792	1620137191592	OK	 
REQUEST		Create guest Request	1620137190888	1620137191592	OK	 
REQUEST		Create guest Request	1620137190829	1620137191594	OK	 
REQUEST		Create guest Request	1620137190811	1620137191595	OK	 
REQUEST		Create guest Request	1620137190814	1620137191597	OK	 
REQUEST		Create guest Request	1620137190881	1620137191597	OK	 
REQUEST		Create guest Request	1620137190857	1620137191597	OK	 
REQUEST		Create guest Request	1620137190818	1620137191597	OK	 
REQUEST		Create guest Request	1620137190846	1620137191599	OK	 
REQUEST		Create guest Request	1620137190842	1620137191601	OK	 
REQUEST		Create guest Request	1620137190843	1620137191602	OK	 
REQUEST		Create guest Request	1620137190844	1620137191603	OK	 
REQUEST		Create guest Request	1620137190802	1620137191603	OK	 
REQUEST		Create guest Request	1620137190919	1620137191604	OK	 
REQUEST		Create guest Request	1620137190908	1620137191608	OK	 
REQUEST		Create guest Request	1620137190850	1620137191609	OK	 
USER	Create post guest Scenario	END	1620137191586
USER	Create post guest Scenario	END	1620137191591
USER	Create post guest Scenario	END	1620137191592
USER	Create post guest Scenario	END	1620137191593
USER	Create post guest Scenario	END	1620137191595
USER	Create post guest Scenario	END	1620137191596
USER	Create post guest Scenario	END	1620137191597
USER	Create post guest Scenario	END	1620137191597
USER	Create post guest Scenario	END	1620137191597
USER	Create post guest Scenario	END	1620137191598
USER	Create post guest Scenario	END	1620137191599
USER	Create post guest Scenario	END	1620137191602
USER	Create post guest Scenario	END	1620137191603
USER	Create post guest Scenario	END	1620137191604
USER	Create post guest Scenario	END	1620137191604
USER	Create post guest Scenario	END	1620137191604
USER	Create post guest Scenario	END	1620137191609
USER	Create post guest Scenario	END	1620137191610
REQUEST		Create guest Request	1620137190793	1620137191610	OK	 
USER	Create post guest Scenario	END	1620137191611
REQUEST		Create guest Request	1620137190893	1620137191615	OK	 
REQUEST		Create guest Request	1620137190907	1620137191616	OK	 
REQUEST		Create guest Request	1620137190850	1620137191620	OK	 
REQUEST		Create guest Request	1620137190904	1620137191621	OK	 
REQUEST		Create guest Request	1620137190806	1620137191622	OK	 
REQUEST		Create guest Request	1620137190905	1620137191623	OK	 
REQUEST		Create guest Request	1620137190823	1620137191624	OK	 
REQUEST		Create guest Request	1620137190886	1620137191625	OK	 
REQUEST		Create guest Request	1620137190855	1620137191626	OK	 
USER	Create post guest Scenario	END	1620137191616
USER	Create post guest Scenario	END	1620137191617
USER	Create post guest Scenario	END	1620137191621
USER	Create post guest Scenario	END	1620137191622
USER	Create post guest Scenario	END	1620137191623
USER	Create post guest Scenario	END	1620137191624
USER	Create post guest Scenario	END	1620137191624
USER	Create post guest Scenario	END	1620137191625
USER	Create post guest Scenario	END	1620137191626
REQUEST		Create guest Request	1620137190800	1620137191629	OK	 
REQUEST		Create guest Request	1620137190889	1620137191629	OK	 
REQUEST		Create guest Request	1620137190901	1620137191630	OK	 
USER	Create post guest Scenario	END	1620137191629
USER	Create post guest Scenario	END	1620137191629
USER	Create post guest Scenario	END	1620137191630
REQUEST		Create guest Request	1620137190883	1620137191631	OK	 
REQUEST		Create guest Request	1620137190906	1620137191632	OK	 
REQUEST		Create guest Request	1620137190905	1620137191634	OK	 
REQUEST		Create guest Request	1620137190864	1620137191634	OK	 
REQUEST		Create guest Request	1620137190873	1620137191635	OK	 
REQUEST		Create guest Request	1620137190871	1620137191636	OK	 
REQUEST		Create guest Request	1620137190899	1620137191639	OK	 
REQUEST		Create guest Request	1620137190862	1620137191639	OK	 
REQUEST		Create guest Request	1620137190901	1620137191641	OK	 
REQUEST		Create guest Request	1620137190907	1620137191641	OK	 
REQUEST		Create guest Request	1620137190874	1620137191642	OK	 
REQUEST		Create guest Request	1620137190907	1620137191643	OK	 
REQUEST		Create guest Request	1620137190870	1620137191643	OK	 
REQUEST		Create guest Request	1620137190853	1620137191643	OK	 
USER	Create post guest Scenario	END	1620137191632
USER	Create post guest Scenario	END	1620137191632
USER	Create post guest Scenario	END	1620137191634
USER	Create post guest Scenario	END	1620137191634
USER	Create post guest Scenario	END	1620137191636
USER	Create post guest Scenario	END	1620137191637
USER	Create post guest Scenario	END	1620137191639
USER	Create post guest Scenario	END	1620137191639
USER	Create post guest Scenario	END	1620137191641
USER	Create post guest Scenario	END	1620137191641
USER	Create post guest Scenario	END	1620137191642
USER	Create post guest Scenario	END	1620137191643
USER	Create post guest Scenario	END	1620137191643
USER	Create post guest Scenario	END	1620137191644
REQUEST		Create guest Request	1620137190925	1620137191647	OK	 
REQUEST		Create guest Request	1620137190858	1620137191648	OK	 
USER	Create post guest Scenario	END	1620137191648
USER	Create post guest Scenario	END	1620137191649
REQUEST		Create guest Request	1620137190854	1620137191649	OK	 
REQUEST		Create guest Request	1620137190886	1620137191650	OK	 
REQUEST		Create guest Request	1620137190824	1620137191652	OK	 
REQUEST		Create guest Request	1620137190873	1620137191652	OK	 
REQUEST		Create guest Request	1620137190909	1620137191652	OK	 
REQUEST		Create guest Request	1620137190675	1620137191652	OK	 
REQUEST		Create guest Request	1620137190899	1620137191653	OK	 
REQUEST		Create guest Request	1620137190889	1620137191654	OK	 
USER	Create post guest Scenario	END	1620137191650
USER	Create post guest Scenario	END	1620137191652
USER	Create post guest Scenario	END	1620137191652
USER	Create post guest Scenario	END	1620137191652
USER	Create post guest Scenario	END	1620137191653
USER	Create post guest Scenario	END	1620137191654
USER	Create post guest Scenario	END	1620137191655
USER	Create post guest Scenario	END	1620137191655
REQUEST		Create guest Request	1620137190897	1620137191656	OK	 
REQUEST		Create guest Request	1620137190873	1620137191657	OK	 
REQUEST		Create guest Request	1620137190859	1620137191658	OK	 
USER	Create post guest Scenario	END	1620137191657
USER	Create post guest Scenario	END	1620137191657
USER	Create post guest Scenario	END	1620137191658
REQUEST		Create guest Request	1620137190870	1620137191661	OK	 
USER	Create post guest Scenario	END	1620137191661
REQUEST		Create guest Request	1620137190807	1620137191664	OK	 
REQUEST		Create guest Request	1620137190848	1620137191664	OK	 
REQUEST		Create guest Request	1620137190806	1620137191665	OK	 
REQUEST		Create guest Request	1620137190902	1620137191665	OK	 
REQUEST		Create guest Request	1620137190909	1620137191666	OK	 
REQUEST		Create guest Request	1620137190885	1620137191667	OK	 
REQUEST		Create guest Request	1620137190886	1620137191668	OK	 
REQUEST		Create guest Request	1620137190908	1620137191670	OK	 
REQUEST		Create guest Request	1620137190861	1620137191670	OK	 
REQUEST		Create guest Request	1620137190885	1620137191673	OK	 
REQUEST		Create guest Request	1620137190869	1620137191673	OK	 
REQUEST		Create guest Request	1620137190903	1620137191674	OK	 
REQUEST		Create guest Request	1620137190881	1620137191674	OK	 
REQUEST		Create guest Request	1620137190824	1620137191674	OK	 
USER	Create post guest Scenario	END	1620137191664
USER	Create post guest Scenario	END	1620137191665
USER	Create post guest Scenario	END	1620137191665
USER	Create post guest Scenario	END	1620137191666
USER	Create post guest Scenario	END	1620137191666
USER	Create post guest Scenario	END	1620137191668
USER	Create post guest Scenario	END	1620137191669
USER	Create post guest Scenario	END	1620137191670
USER	Create post guest Scenario	END	1620137191671
USER	Create post guest Scenario	END	1620137191674
USER	Create post guest Scenario	END	1620137191674
USER	Create post guest Scenario	END	1620137191674
USER	Create post guest Scenario	END	1620137191675
USER	Create post guest Scenario	END	1620137191675
REQUEST		Create guest Request	1620137190894	1620137191676	OK	 
REQUEST		Create guest Request	1620137190830	1620137191677	OK	 
REQUEST		Create guest Request	1620137190883	1620137191675	OK	 
REQUEST		Create guest Request	1620137190797	1620137191679	OK	 
REQUEST		Create guest Request	1620137190676	1620137191680	OK	 
REQUEST		Create guest Request	1620137190899	1620137191681	OK	 
REQUEST		Create guest Request	1620137190798	1620137191682	OK	 
REQUEST		Create guest Request	1620137190870	1620137191683	OK	 
USER	Create post guest Scenario	END	1620137191677
USER	Create post guest Scenario	END	1620137191677
USER	Create post guest Scenario	END	1620137191680
USER	Create post guest Scenario	END	1620137191680
USER	Create post guest Scenario	END	1620137191681
USER	Create post guest Scenario	END	1620137191681
USER	Create post guest Scenario	END	1620137191683
USER	Create post guest Scenario	END	1620137191684
REQUEST		Create guest Request	1620137190800	1620137191685	OK	 
REQUEST		Create guest Request	1620137190863	1620137191685	OK	 
REQUEST		Create guest Request	1620137190852	1620137191686	OK	 
REQUEST		Create guest Request	1620137190855	1620137191689	OK	 
USER	Create post guest Scenario	END	1620137191685
REQUEST		Create guest Request	1620137190675	1620137191689	OK	 
USER	Create post guest Scenario	END	1620137191686
USER	Create post guest Scenario	END	1620137191686
USER	Create post guest Scenario	END	1620137191690
USER	Create post guest Scenario	END	1620137191690
REQUEST		Create guest Request	1620137190862	1620137191691	OK	 
REQUEST		Create guest Request	1620137190827	1620137191692	OK	 
REQUEST		Create guest Request	1620137190805	1620137191694	OK	 
REQUEST		Create guest Request	1620137190805	1620137191695	OK	 
REQUEST		Create guest Request	1620137190858	1620137191695	OK	 
REQUEST		Create guest Request	1620137190675	1620137191696	OK	 
REQUEST		Create guest Request	1620137190795	1620137191697	OK	 
REQUEST		Create guest Request	1620137190800	1620137191699	OK	 
REQUEST		Create guest Request	1620137190807	1620137191700	OK	 
REQUEST		Create guest Request	1620137190807	1620137191701	OK	 
USER	Create post guest Scenario	END	1620137191691
USER	Create post guest Scenario	END	1620137191693
USER	Create post guest Scenario	END	1620137191694
USER	Create post guest Scenario	END	1620137191695
USER	Create post guest Scenario	END	1620137191696
USER	Create post guest Scenario	END	1620137191697
USER	Create post guest Scenario	END	1620137191698
USER	Create post guest Scenario	END	1620137191699
USER	Create post guest Scenario	END	1620137191700
USER	Create post guest Scenario	END	1620137191702
REQUEST		Create guest Request	1620137190852	1620137191703	OK	 
REQUEST		Create guest Request	1620137190859	1620137191704	OK	 
REQUEST		Create guest Request	1620137190866	1620137191704	OK	 
REQUEST		Create guest Request	1620137190868	1620137191705	OK	 
REQUEST		Create guest Request	1620137190867	1620137191707	OK	 
REQUEST		Create guest Request	1620137190808	1620137191708	OK	 
REQUEST		Create guest Request	1620137190869	1620137191709	OK	 
REQUEST		Create guest Request	1620137190875	1620137191710	OK	 
USER	Create post guest Scenario	END	1620137191704
USER	Create post guest Scenario	END	1620137191704
USER	Create post guest Scenario	END	1620137191705
USER	Create post guest Scenario	END	1620137191705
USER	Create post guest Scenario	END	1620137191707
USER	Create post guest Scenario	END	1620137191709
USER	Create post guest Scenario	END	1620137191709
USER	Create post guest Scenario	END	1620137191710
REQUEST		Create guest Request	1620137190806	1620137191714	OK	 
USER	Create post guest Scenario	END	1620137191714
REQUEST		Create guest Request	1620137190809	1620137191715	OK	 
REQUEST		Create guest Request	1620137190885	1620137191716	OK	 
USER	Create post guest Scenario	END	1620137191716
USER	Create post guest Scenario	END	1620137191716
REQUEST		Create guest Request	1620137190904	1620137191716	OK	 
USER	Create post guest Scenario	END	1620137191717
REQUEST		Create guest Request	1620137190809	1620137191717	OK	 
USER	Create post guest Scenario	END	1620137191718
REQUEST		Create guest Request	1620137190898	1620137191718	OK	 
USER	Create post guest Scenario	END	1620137191718
REQUEST		Create guest Request	1620137190902	1620137191719	OK	 
USER	Create post guest Scenario	END	1620137191720
REQUEST		Create guest Request	1620137190902	1620137191720	OK	 
REQUEST		Create guest Request	1620137190905	1620137191720	OK	 
USER	Create post guest Scenario	END	1620137191721
USER	Create post guest Scenario	END	1620137191721
REQUEST		Create guest Request	1620137190905	1620137191722	OK	 
REQUEST		Create guest Request	1620137190803	1620137191723	OK	 
REQUEST		Create guest Request	1620137190913	1620137191723	OK	 
REQUEST		Create guest Request	1620137190804	1620137191724	OK	 
USER	Create post guest Scenario	END	1620137191723
USER	Create post guest Scenario	END	1620137191723
REQUEST		Create guest Request	1620137190874	1620137191726	OK	 
REQUEST		Create guest Request	1620137190851	1620137191726	OK	 
REQUEST		Create guest Request	1620137190805	1620137191726	OK	 
REQUEST		Create guest Request	1620137190853	1620137191727	OK	 
REQUEST		Create guest Request	1620137190887	1620137191729	OK	 
REQUEST		Create guest Request	1620137190899	1620137191731	OK	 
USER	Create post guest Scenario	END	1620137191724
USER	Create post guest Scenario	END	1620137191724
REQUEST		Create guest Request	1620137190897	1620137191732	OK	 
REQUEST		Create guest Request	1620137190898	1620137191733	OK	 
REQUEST		Create guest Request	1620137190888	1620137191734	OK	 
REQUEST		Create guest Request	1620137190798	1620137191735	OK	 
REQUEST		Create guest Request	1620137190799	1620137191738	OK	 
USER	Create post guest Scenario	END	1620137191726
REQUEST		Create guest Request	1620137190900	1620137191738	OK	 
USER	Create post guest Scenario	END	1620137191727
USER	Create post guest Scenario	END	1620137191727
USER	Create post guest Scenario	END	1620137191727
USER	Create post guest Scenario	END	1620137191729
USER	Create post guest Scenario	END	1620137191732
USER	Create post guest Scenario	END	1620137191732
USER	Create post guest Scenario	END	1620137191733
USER	Create post guest Scenario	END	1620137191734
USER	Create post guest Scenario	END	1620137191735
USER	Create post guest Scenario	END	1620137191739
USER	Create post guest Scenario	END	1620137191739
REQUEST		Create guest Request	1620137190915	1620137191739	OK	 
REQUEST		Create guest Request	1620137190905	1620137191740	OK	 
USER	Create post guest Scenario	END	1620137191739
USER	Create post guest Scenario	END	1620137191740
REQUEST		Create guest Request	1620137190859	1620137191742	OK	 
REQUEST		Create guest Request	1620137190882	1620137191742	OK	 
REQUEST		Create guest Request	1620137190853	1620137191743	OK	 
REQUEST		Create guest Request	1620137190886	1620137191743	OK	 
REQUEST		Create guest Request	1620137190828	1620137191746	OK	 
REQUEST		Create guest Request	1620137190898	1620137191746	OK	 
REQUEST		Create guest Request	1620137190890	1620137191747	OK	 
REQUEST		Create guest Request	1620137190818	1620137191747	OK	 
REQUEST		Create guest Request	1620137190813	1620137191747	OK	 
REQUEST		Create guest Request	1620137190800	1620137191748	OK	 
REQUEST		Create guest Request	1620137190899	1620137191751	OK	 
REQUEST		Create guest Request	1620137190802	1620137191751	OK	 
REQUEST		Create guest Request	1620137190815	1620137191751	OK	 
REQUEST		Create guest Request	1620137190857	1620137191752	OK	 
REQUEST		Create guest Request	1620137190890	1620137191753	OK	 
REQUEST		Create guest Request	1620137190801	1620137191755	OK	 
REQUEST		Create guest Request	1620137190904	1620137191756	OK	 
REQUEST		Create guest Request	1620137190854	1620137191756	OK	 
REQUEST		Create guest Request	1620137190893	1620137191757	OK	 
REQUEST		Create guest Request	1620137190877	1620137191757	OK	 
REQUEST		Create guest Request	1620137190900	1620137191759	OK	 
REQUEST		Create guest Request	1620137190914	1620137191761	OK	 
REQUEST		Create guest Request	1620137190808	1620137191761	OK	 
REQUEST		Create guest Request	1620137190803	1620137191762	OK	 
REQUEST		Create guest Request	1620137190807	1620137191762	OK	 
REQUEST		Create guest Request	1620137190916	1620137191762	OK	 
REQUEST		Create guest Request	1620137190852	1620137191765	OK	 
REQUEST		Create guest Request	1620137190871	1620137191765	OK	 
REQUEST		Create guest Request	1620137190889	1620137191766	OK	 
REQUEST		Create guest Request	1620137190801	1620137191766	OK	 
REQUEST		Create guest Request	1620137190807	1620137191767	OK	 
REQUEST		Create guest Request	1620137190867	1620137191768	OK	 
REQUEST		Create guest Request	1620137190675	1620137191770	OK	 
REQUEST		Create guest Request	1620137190927	1620137191772	OK	 
REQUEST		Create guest Request	1620137190870	1620137191771	OK	 
REQUEST		Create guest Request	1620137190804	1620137191772	OK	 
REQUEST		Create guest Request	1620137190930	1620137191772	OK	 
REQUEST		Create guest Request	1620137190870	1620137191773	OK	 
REQUEST		Create guest Request	1620137190932	1620137191773	OK	 
USER	Create post guest Scenario	END	1620137191742
USER	Create post guest Scenario	END	1620137191742
USER	Create post guest Scenario	END	1620137191743
USER	Create post guest Scenario	END	1620137191743
USER	Create post guest Scenario	END	1620137191747
USER	Create post guest Scenario	END	1620137191747
USER	Create post guest Scenario	END	1620137191747
USER	Create post guest Scenario	END	1620137191747
USER	Create post guest Scenario	END	1620137191747
USER	Create post guest Scenario	END	1620137191749
USER	Create post guest Scenario	END	1620137191751
USER	Create post guest Scenario	END	1620137191752
REQUEST		Create guest Request	1620137190931	1620137191775	OK	 
USER	Create post guest Scenario	END	1620137191752
USER	Create post guest Scenario	END	1620137191753
USER	Create post guest Scenario	END	1620137191753
USER	Create post guest Scenario	END	1620137191756
USER	Create post guest Scenario	END	1620137191757
USER	Create post guest Scenario	END	1620137191757
USER	Create post guest Scenario	END	1620137191757
USER	Create post guest Scenario	END	1620137191757
USER	Create post guest Scenario	END	1620137191760
USER	Create post guest Scenario	END	1620137191762
USER	Create post guest Scenario	END	1620137191762
USER	Create post guest Scenario	END	1620137191762
USER	Create post guest Scenario	END	1620137191762
USER	Create post guest Scenario	END	1620137191763
USER	Create post guest Scenario	END	1620137191766
USER	Create post guest Scenario	END	1620137191766
REQUEST		Create guest Request	1620137190933	1620137191775	OK	 
USER	Create post guest Scenario	END	1620137191766
REQUEST		Create guest Request	1620137190926	1620137191776	OK	 
USER	Create post guest Scenario	END	1620137191766
USER	Create post guest Scenario	END	1620137191767
REQUEST		Create guest Request	1620137190931	1620137191776	OK	 
USER	Create post guest Scenario	END	1620137191768
USER	Create post guest Scenario	END	1620137191771
USER	Create post guest Scenario	END	1620137191772
USER	Create post guest Scenario	END	1620137191772
USER	Create post guest Scenario	END	1620137191772
USER	Create post guest Scenario	END	1620137191773
USER	Create post guest Scenario	END	1620137191773
USER	Create post guest Scenario	END	1620137191774
USER	Create post guest Scenario	END	1620137191775
USER	Create post guest Scenario	END	1620137191776
USER	Create post guest Scenario	END	1620137191776
USER	Create post guest Scenario	END	1620137191776
REQUEST		Create guest Request	1620137190935	1620137191778	OK	 
REQUEST		Create guest Request	1620137190929	1620137191779	OK	 
USER	Create post guest Scenario	END	1620137191779
USER	Create post guest Scenario	END	1620137191780
REQUEST		Create guest Request	1620137190928	1620137191781	OK	 
REQUEST		Create guest Request	1620137190886	1620137191781	OK	 
REQUEST		Create guest Request	1620137190936	1620137191782	OK	 
USER	Create post guest Scenario	END	1620137191781
USER	Create post guest Scenario	END	1620137191781
USER	Create post guest Scenario	END	1620137191782
REQUEST		Create guest Request	1620137190931	1620137191784	OK	 
REQUEST		Create guest Request	1620137190831	1620137191784	OK	 
USER	Create post guest Scenario	END	1620137191785
USER	Create post guest Scenario	END	1620137191785
REQUEST		Create guest Request	1620137190932	1620137191785	OK	 
REQUEST		Create guest Request	1620137190891	1620137191785	OK	 
USER	Create post guest Scenario	END	1620137191785
USER	Create post guest Scenario	END	1620137191785
REQUEST		Create guest Request	1620137190930	1620137191786	OK	 
USER	Create post guest Scenario	END	1620137191786
REQUEST		Create guest Request	1620137190931	1620137191786	OK	 
REQUEST		Create guest Request	1620137190805	1620137191789	OK	 
USER	Create post guest Scenario	END	1620137191786
USER	Create post guest Scenario	END	1620137191790
REQUEST		Create guest Request	1620137190793	1620137191792	OK	 
USER	Create post guest Scenario	END	1620137191793
REQUEST		Create guest Request	1620137190891	1620137191793	OK	 
USER	Create post guest Scenario	END	1620137191794
REQUEST		Create guest Request	1620137190908	1620137191796	OK	 
USER	Create post guest Scenario	END	1620137191796
REQUEST		Create guest Request	1620137190927	1620137191797	OK	 
REQUEST		Create guest Request	1620137190807	1620137191797	OK	 
REQUEST		Create guest Request	1620137190820	1620137191798	OK	 
REQUEST		Create guest Request	1620137190858	1620137191799	OK	 
USER	Create post guest Scenario	END	1620137191797
USER	Create post guest Scenario	END	1620137191797
USER	Create post guest Scenario	END	1620137191799
USER	Create post guest Scenario	END	1620137191800
REQUEST		Create guest Request	1620137190803	1620137191800	OK	 
REQUEST		Create guest Request	1620137190797	1620137191801	OK	 
REQUEST		Create guest Request	1620137190806	1620137191798	OK	 
USER	Create post guest Scenario	END	1620137191801
USER	Create post guest Scenario	END	1620137191801
USER	Create post guest Scenario	END	1620137191802
REQUEST		Create guest Request	1620137190805	1620137191802	OK	 
REQUEST		Create guest Request	1620137190862	1620137191803	OK	 
USER	Create post guest Scenario	END	1620137191803
REQUEST		Create guest Request	1620137190903	1620137191803	OK	 
USER	Create post guest Scenario	END	1620137191803
REQUEST		Create guest Request	1620137190793	1620137191805	OK	 
REQUEST		Create guest Request	1620137190925	1620137191806	OK	 
REQUEST		Create guest Request	1620137190899	1620137191807	OK	 
REQUEST		Create guest Request	1620137190869	1620137191808	OK	 
USER	Create post guest Scenario	END	1620137191803
USER	Create post guest Scenario	END	1620137191805
USER	Create post guest Scenario	END	1620137191806
REQUEST		Create guest Request	1620137190815	1620137191808	OK	 
REQUEST		Create guest Request	1620137190804	1620137191811	OK	 
REQUEST		Create guest Request	1620137190869	1620137191811	OK	 
REQUEST		Create guest Request	1620137190801	1620137191812	OK	 
REQUEST		Create guest Request	1620137190924	1620137191812	OK	 
USER	Create post guest Scenario	END	1620137191808
USER	Create post guest Scenario	END	1620137191808
USER	Create post guest Scenario	END	1620137191809
USER	Create post guest Scenario	END	1620137191811
USER	Create post guest Scenario	END	1620137191811
USER	Create post guest Scenario	END	1620137191812
USER	Create post guest Scenario	END	1620137191813
REQUEST		Create guest Request	1620137190901	1620137191814	OK	 
USER	Create post guest Scenario	END	1620137191814
REQUEST		Create guest Request	1620137190795	1620137191815	OK	 
USER	Create post guest Scenario	END	1620137191816
REQUEST		Create guest Request	1620137190904	1620137191817	OK	 
REQUEST		Create guest Request	1620137190864	1620137191817	OK	 
USER	Create post guest Scenario	END	1620137191817
USER	Create post guest Scenario	END	1620137191818
REQUEST		Create guest Request	1620137190897	1620137191819	OK	 
USER	Create post guest Scenario	END	1620137191820
REQUEST		Create guest Request	1620137190806	1620137191821	OK	 
USER	Create post guest Scenario	END	1620137191821
REQUEST		Create guest Request	1620137190675	1620137191825	OK	 
REQUEST		Create guest Request	1620137190804	1620137191825	OK	 
REQUEST		Create guest Request	1620137190796	1620137191825	OK	 
USER	Create post guest Scenario	END	1620137191826
USER	Create post guest Scenario	END	1620137191826
USER	Create post guest Scenario	END	1620137191826
REQUEST		Create guest Request	1620137190801	1620137191827	OK	 
USER	Create post guest Scenario	END	1620137191827
REQUEST		Create guest Request	1620137190884	1620137191828	OK	 
USER	Create post guest Scenario	END	1620137191829
REQUEST		Create guest Request	1620137190802	1620137191830	OK	 
REQUEST		Create guest Request	1620137190811	1620137191830	OK	 
USER	Create post guest Scenario	END	1620137191830
USER	Create post guest Scenario	END	1620137191830
REQUEST		Create guest Request	1620137190852	1620137191832	OK	 
USER	Create post guest Scenario	END	1620137191832
REQUEST		Create guest Request	1620137190814	1620137191834	OK	 
USER	Create post guest Scenario	END	1620137191834
REQUEST		Create guest Request	1620137190820	1620137191835	OK	 
USER	Create post guest Scenario	END	1620137191836
REQUEST		Create guest Request	1620137190854	1620137191838	OK	 
REQUEST		Create guest Request	1620137190813	1620137191838	OK	 
USER	Create post guest Scenario	END	1620137191839
USER	Create post guest Scenario	END	1620137191839
REQUEST		Create guest Request	1620137190857	1620137191840	OK	 
REQUEST		Create guest Request	1620137190881	1620137191840	OK	 
USER	Create post guest Scenario	END	1620137191841
USER	Create post guest Scenario	END	1620137191841
REQUEST		Create guest Request	1620137190817	1620137191843	OK	 
REQUEST		Create guest Request	1620137190799	1620137191843	OK	 
REQUEST		Create guest Request	1620137190801	1620137191844	OK	 
REQUEST		Create guest Request	1620137190828	1620137191845	OK	 
REQUEST		Create guest Request	1620137190933	1620137191846	OK	 
USER	Create post guest Scenario	END	1620137191844
USER	Create post guest Scenario	END	1620137191845
USER	Create post guest Scenario	END	1620137191845
USER	Create post guest Scenario	END	1620137191846
USER	Create post guest Scenario	END	1620137191846
REQUEST		Create guest Request	1620137190814	1620137191848	OK	 
REQUEST		Create guest Request	1620137190797	1620137191848	OK	 
REQUEST		Create guest Request	1620137190795	1620137191850	OK	 
REQUEST		Create guest Request	1620137190798	1620137191851	OK	 
REQUEST		Create guest Request	1620137190821	1620137191851	OK	 
USER	Create post guest Scenario	END	1620137191848
USER	Create post guest Scenario	END	1620137191849
USER	Create post guest Scenario	END	1620137191850
USER	Create post guest Scenario	END	1620137191851
USER	Create post guest Scenario	END	1620137191851
REQUEST		Create guest Request	1620137190799	1620137191853	OK	 
USER	Create post guest Scenario	END	1620137191853
REQUEST		Create guest Request	1620137190803	1620137191854	OK	 
REQUEST		Create guest Request	1620137190923	1620137191854	OK	 
USER	Create post guest Scenario	END	1620137191854
REQUEST		Create guest Request	1620137190818	1620137191855	OK	 
USER	Create post guest Scenario	END	1620137191855
USER	Create post guest Scenario	END	1620137191855
REQUEST		Create guest Request	1620137190821	1620137191855	OK	 
USER	Create post guest Scenario	END	1620137191856
REQUEST		Create guest Request	1620137190885	1620137191859	OK	 
REQUEST		Create guest Request	1620137190824	1620137191859	OK	 
USER	Create post guest Scenario	END	1620137191860
USER	Create post guest Scenario	END	1620137191860
REQUEST		Create guest Request	1620137190853	1620137191860	OK	 
USER	Create post guest Scenario	END	1620137191860
REQUEST		Create guest Request	1620137190826	1620137191861	OK	 
REQUEST		Create guest Request	1620137190818	1620137191861	OK	 
REQUEST		Create guest Request	1620137190827	1620137191861	OK	 
USER	Create post guest Scenario	END	1620137191861
USER	Create post guest Scenario	END	1620137191861
USER	Create post guest Scenario	END	1620137191861
REQUEST		Create guest Request	1620137190825	1620137191866	OK	 
REQUEST		Create guest Request	1620137190822	1620137191867	OK	 
REQUEST		Create guest Request	1620137190826	1620137191867	OK	 
REQUEST		Create guest Request	1620137190817	1620137191868	OK	 
REQUEST		Create guest Request	1620137190796	1620137191869	OK	 
REQUEST		Create guest Request	1620137190805	1620137191869	OK	 
USER	Create post guest Scenario	END	1620137191867
USER	Create post guest Scenario	END	1620137191868
USER	Create post guest Scenario	END	1620137191868
USER	Create post guest Scenario	END	1620137191868
USER	Create post guest Scenario	END	1620137191869
USER	Create post guest Scenario	END	1620137191869
REQUEST		Create guest Request	1620137190793	1620137191870	OK	 
USER	Create post guest Scenario	END	1620137191870
REQUEST		Create guest Request	1620137190816	1620137191870	OK	 
REQUEST		Create guest Request	1620137190824	1620137191870	OK	 
USER	Create post guest Scenario	END	1620137191870
USER	Create post guest Scenario	END	1620137191870
REQUEST		Create guest Request	1620137190813	1620137191871	OK	 
USER	Create post guest Scenario	END	1620137191871
